<?xml version="1.0" encoding="UTF-8"?>
<!-- Generated by org.testng.reporters.JUnitReportReporter -->
<testsuite skipped="0" hostname="admin-PC" name="demo.Sample" tests="3" failures="0" timestamp="2021-01-14T23:30:07 IST" time="53.357" errors="0">
  <testcase name="driverDetup" time="53.262" classname="demo.Sample"/>
  <system-out/>
  <testcase name="add" time="0.095" classname="demo.Sample"/>
  <system-out/>
  <testcase name="sub" time="0.000" classname="demo.Sample"/>
  <system-out/>
</testsuite> <!-- demo.Sample -->
