<?xml version="1.0" encoding="UTF-8"?>
<!-- Generated by org.testng.reporters.JUnitReportReporter -->
<testsuite skipped="0" hostname="admin-PC" name="demo.ExtentReportDemo" tests="3" failures="0" timestamp="2021-01-15T23:17:51 IST" time="75.701" errors="0">
  <testcase name="scrollDemo" time="16.205" classname="demo.ExtentReportDemo"/>
  <system-out/>
  <testcase name="scrollView" time="28.856" classname="demo.ExtentReportDemo"/>
  <system-out/>
  <testcase name="collectLinks" time="30.640" classname="demo.ExtentReportDemo"/>
  <system-out/>
</testsuite> <!-- demo.ExtentReportDemo -->
