<?xml version="1.0" encoding="UTF-8"?>
<!-- Generated by org.testng.reporters.JUnitReportReporter -->
<testsuite skipped="0" hostname="admin-PC" name="demo.Sample" tests="3" failures="0" timestamp="2021-01-15T22:52:23 IST" time="15.036" errors="0">
  <testcase name="add" time="0.066" classname="demo.Sample"/>
  <system-out/>
  <testcase name="driverDetup" time="14.970" classname="demo.Sample"/>
  <system-out/>
  <testcase name="sub" time="0.000" classname="demo.Sample"/>
  <system-out/>
</testsuite> <!-- demo.Sample -->
